2022-11-25 18:23:10.590  INFO 14168 --- [main] b.s.l.Lesson29SpringAopApplication       : Starting Lesson29SpringAopApplication using Java 17.0.4.1 on RedmiBook-PC46 with PID 14168 (D:\JavaDevelop\Projects\TeachMeSkills_C14onl_SalovAnatoly_Maven\lesson29_spring_aop\build\classes\java\main started by RedmiBook in D:\JavaDevelop\Projects\TeachMeSkills_C14onl_SalovAnatoly_Maven)
2022-11-25 18:23:10.592  INFO 14168 --- [main] b.s.l.Lesson29SpringAopApplication       : No active profile set, falling back to 1 default profile: "default"
2022-11-25 18:23:11.259  INFO 14168 --- [main] o.s.b.w.embedded.tomcat.TomcatWebServer  : Tomcat initialized with port(s): 8080 (http)
2022-11-25 18:23:11.266  INFO 14168 --- [main] o.apache.catalina.core.StandardService   : Starting service [Tomcat]
2022-11-25 18:23:11.267  INFO 14168 --- [main] org.apache.catalina.core.StandardEngine  : Starting Servlet engine: [Apache Tomcat/9.0.68]
2022-11-25 18:23:11.323  INFO 14168 --- [main] o.a.c.c.C.[Tomcat].[localhost].[/]       : Initializing Spring embedded WebApplicationContext
2022-11-25 18:23:11.323  INFO 14168 --- [main] w.s.c.ServletWebServerApplicationContext : Root WebApplicationContext: initialization completed in 695 ms
2022-11-25 18:23:11.758  INFO 14168 --- [main] o.s.b.w.embedded.tomcat.TomcatWebServer  : Tomcat started on port(s): 8080 (http) with context path ''
2022-11-25 18:23:11.765  INFO 14168 --- [main] b.s.l.Lesson29SpringAopApplication       : Started Lesson29SpringAopApplication in 1.415 seconds (JVM running for 1.75)
2022-11-25 18:27:20.777  INFO 1292 --- [main] b.s.l.Lesson29SpringAopApplication       : Starting Lesson29SpringAopApplication using Java 17.0.4.1 on RedmiBook-PC46 with PID 1292 (D:\JavaDevelop\Projects\TeachMeSkills_C14onl_SalovAnatoly_Maven\lesson29_spring_aop\build\classes\java\main started by RedmiBook in D:\JavaDevelop\Projects\TeachMeSkills_C14onl_SalovAnatoly_Maven)
2022-11-25 18:27:20.779  INFO 1292 --- [main] b.s.l.Lesson29SpringAopApplication       : No active profile set, falling back to 1 default profile: "default"
2022-11-25 18:27:21.445  INFO 1292 --- [main] o.s.b.w.embedded.tomcat.TomcatWebServer  : Tomcat initialized with port(s): 8080 (http)
2022-11-25 18:27:21.451  INFO 1292 --- [main] o.apache.catalina.core.StandardService   : Starting service [Tomcat]
2022-11-25 18:27:21.452  INFO 1292 --- [main] org.apache.catalina.core.StandardEngine  : Starting Servlet engine: [Apache Tomcat/9.0.68]
2022-11-25 18:27:21.517  INFO 1292 --- [main] o.a.c.c.C.[Tomcat].[localhost].[/]       : Initializing Spring embedded WebApplicationContext
2022-11-25 18:27:21.517  INFO 1292 --- [main] w.s.c.ServletWebServerApplicationContext : Root WebApplicationContext: initialization completed in 703 ms
2022-11-25 18:27:21.946  INFO 1292 --- [main] o.s.b.w.embedded.tomcat.TomcatWebServer  : Tomcat started on port(s): 8080 (http) with context path ''
2022-11-25 18:27:21.954  INFO 1292 --- [main] b.s.l.Lesson29SpringAopApplication       : Started Lesson29SpringAopApplication in 1.402 seconds (JVM running for 1.757)
2022-11-25 18:37:47.349  INFO 14280 --- [main] b.s.l.Lesson29SpringAopApplication       : Starting Lesson29SpringAopApplication using Java 17.0.4.1 on RedmiBook-PC46 with PID 14280 (D:\JavaDevelop\Projects\TeachMeSkills_C14onl_SalovAnatoly_Maven\lesson29_spring_aop\build\classes\java\main started by RedmiBook in D:\JavaDevelop\Projects\TeachMeSkills_C14onl_SalovAnatoly_Maven)
2022-11-25 18:37:47.351  INFO 14280 --- [main] b.s.l.Lesson29SpringAopApplication       : No active profile set, falling back to 1 default profile: "default"
2022-11-25 18:37:48.022  INFO 14280 --- [main] o.s.b.w.embedded.tomcat.TomcatWebServer  : Tomcat initialized with port(s): 8080 (http)
2022-11-25 18:37:48.028  INFO 14280 --- [main] o.apache.catalina.core.StandardService   : Starting service [Tomcat]
2022-11-25 18:37:48.028  INFO 14280 --- [main] org.apache.catalina.core.StandardEngine  : Starting Servlet engine: [Apache Tomcat/9.0.68]
2022-11-25 18:37:48.099  INFO 14280 --- [main] o.a.c.c.C.[Tomcat].[localhost].[/]       : Initializing Spring embedded WebApplicationContext
2022-11-25 18:37:48.099  INFO 14280 --- [main] w.s.c.ServletWebServerApplicationContext : Root WebApplicationContext: initialization completed in 718 ms
2022-11-25 18:37:48.566  INFO 14280 --- [main] o.s.b.w.embedded.tomcat.TomcatWebServer  : Tomcat started on port(s): 8080 (http) with context path ''
2022-11-25 18:37:48.573  INFO 14280 --- [main] b.s.l.Lesson29SpringAopApplication       : Started Lesson29SpringAopApplication in 1.477 seconds (JVM running for 1.909)
